1739355471280	geckodriver	INFO	Listening on 127.0.0.1:65303
1739355474402	mozrunner::runner	INFO	Running command: "C:\\Users\\LaraibKhalid\\.cache\\selenium\\firefox\\win64\\135.0\\firefox.exe" "--marionette" "--remote-deb ... "--remote-allow-hosts" "localhost" "-no-remote" "-profile" "C:\\Users\\LARAIB~1\\AppData\\Local\\Temp\\rust_mozprofile1Afg3P"
console.warn: services.settings: Ignoring preference override of remote settings server
console.warn: services.settings: Allow by setting MOZ_REMOTE_SETTINGS_DEVTOOLS=1 in the environment
Dynamically enable window occlusion 0
1739355474783	Marionette	INFO	Marionette enabled
1739355474917	Marionette	INFO	Listening on port 65315
WebDriver BiDi listening on ws://127.0.0.1:65304
Read port: 65315
1739355475103	RemoteAgent	WARN	TLS certificate errors will be ignored for this session
DevTools listening on ws://127.0.0.1:65304/devtools/browser/97d992cc-b9b2-4e96-9b23-7dc5160ac136
console.warn: LoginRecipes: "Falling back to a synchronous message for: https://raptorsconsulting--qasmartcrm.sandbox.my.salesforce.com."
console.warn: LoginRecipes: "Falling back to a synchronous message for: https://raptorsconsulting--qasmartcrm.sandbox.my.salesforce.com."
1739355485695	Marionette	WARN	Ignoring event 'DOMContentLoaded' because document has an invalid readyState of 'complete'.
JavaScript warning: https://raptorsconsulting--qasmartcrm.sandbox.lightning.force.com/projRes/insights/gen/static/dashboards/js/lightningDashboard.app.678d4002a98f8d383437.js, line 2: unreachable code after return statement
JavaScript warning: https://raptorsconsulting--qasmartcrm.sandbox.lightning.force.com/projRes/insights/gen/static/dashboards/js/lightningDashboard.app.678d4002a98f8d383437.js, line 2: unreachable code after return statement
JavaScript warning: https://raptorsconsulting--qasmartcrm.sandbox.lightning.force.com/projRes/insights/gen/static/dashboards/js/lightningDashboard.app.678d4002a98f8d383437.js, line 2: unreachable code after return statement
1739355607267	Marionette	INFO	Stopped listening on port 65315
JavaScript warning: https://raptorsconsulting--qasmartcrm.sandbox.lightning.force.com/jslibrary/1739312718000/ui-analytics-reporting/EclairNG.js, line 1287: Script terminated by timeout at:
da.prototype._renderChartsIfVisible@https://raptorsconsulting--qasmartcrm.sandbox.lightning.force.com/jslibrary/1739312718000/ui-analytics-reporting/EclairNG.js:1287:361

Dynamically enable window occlusion 1
