1739426983727	geckodriver	INFO	Listening on 127.0.0.1:53827
1739426986849	mozrunner::runner	INFO	Running command: "C:\\Users\\LaraibKhalid\\.cache\\selenium\\firefox\\win64\\135.0\\firefox.exe" "--marionette" "--remote-deb ... "--remote-allow-hosts" "localhost" "-no-remote" "-profile" "C:\\Users\\LARAIB~1\\AppData\\Local\\Temp\\rust_mozprofileAgvhUn"
console.warn: services.settings: Ignoring preference override of remote settings server
console.warn: services.settings: Allow by setting MOZ_REMOTE_SETTINGS_DEVTOOLS=1 in the environment
Dynamically enable window occlusion 0
1739426987221	Marionette	INFO	Marionette enabled
1739426987358	Marionette	INFO	Listening on port 53841
WebDriver BiDi listening on ws://127.0.0.1:53828
Read port: 53841
1739426987542	RemoteAgent	WARN	TLS certificate errors will be ignored for this session
DevTools listening on ws://127.0.0.1:53828/devtools/browser/ab6f1495-15c8-4dcb-9f73-fa8c02a8cf5b
console.warn: LoginRecipes: "Falling back to a synchronous message for: https://raptorsconsulting--qasmartcrm.sandbox.my.salesforce.com."
console.warn: LoginRecipes: "Falling back to a synchronous message for: https://raptorsconsulting--qasmartcrm.sandbox.my.salesforce.com."
1739426998008	Marionette	WARN	Ignoring event 'DOMContentLoaded' because document has an invalid readyState of 'complete'.
1739427002914	Marionette	INFO	Stopped listening on port 53841
JavaScript warning: https://static.lightning.force.com/usa3s.sfdc-yfeipo/aurafile/%7B%22mode%22%3A%22PROD%22%2C%22dfs%22%3A%22c%22%2C%22app%22%3A%22one%3Aone%22%2C%22ls%22%3A1%2C%22lrmc%22%3A%22-386269907%22%7D/-DjR93YDRS0wZ_x-cvz4fA/apppart2-4.js, line 2161: Script terminated by timeout at:
ie@https://static.lightning.force.com/usa3s.sfdc-yfeipo/aurafile/%7B%22mode%22%3A%22PROD%22%2C%22dfs%22%3A%22c%22%2C%22app%22%3A%22one%3Aone%22%2C%22ls%22%3A1%2C%22lrmc%22%3A%22-386269907%22%7D/-DjR93YDRS0wZ_x-cvz4fA/apppart2-4.js:2161:7075

Dynamically enable window occlusion 1
console.error: (new Error("places.sqlite#1: cannot execute operation Interactions.sys.mjs::updateDatabase, the connection is already closing", "resource://gre/modules/Sqlite.sys.mjs", 528))
console.error: (new Error("SessionFile is closed", "resource:///modules/sessionstore/SessionFile.sys.mjs", 413))
console.error: (new AbortError("IOUtils: Shutting down and refusing additional I/O tasks (NS_ERROR_ABORT)", (void 0), 1136))
console.error: (new AbortError("IOUtils: Shutting down and refusing additional I/O tasks (NS_ERROR_ABORT)", (void 0), 1136))
JavaScript error: resource://gre/modules/UrlClassifierListManager.sys.mjs, line 472: NS_ERROR_NOT_INITIALIZED: Component returned failure code: 0xc1f30001 (NS_ERROR_NOT_INITIALIZED) [nsIUrlClassifierDBService.getTables]
JavaScript error: resource://gre/modules/CrashManager.sys.mjs, line 1176: AbortError: IOUtils: Shutting down and refusing additional I/O tasks (NS_ERROR_ABORT)
RunWatchdog: Mainthread nested event loops during hang: 
 --- ParentImpl::ShutdownBackgroundThread
