1739441642976	geckodriver	INFO	Listening on 127.0.0.1:50262
1739441646112	mozrunner::runner	INFO	Running command: "C:\\Users\\LaraibKhalid\\.cache\\selenium\\firefox\\win64\\135.0\\firefox.exe" "--marionette" "--remote-deb ... "--remote-allow-hosts" "localhost" "-no-remote" "-profile" "C:\\Users\\LARAIB~1\\AppData\\Local\\Temp\\rust_mozprofile7P7Jyk"
console.warn: services.settings: Ignoring preference override of remote settings server
console.warn: services.settings: Allow by setting MOZ_REMOTE_SETTINGS_DEVTOOLS=1 in the environment
Dynamically enable window occlusion 0
1739441646476	Marionette	INFO	Marionette enabled
1739441646618	Marionette	INFO	Listening on port 50271
WebDriver BiDi listening on ws://127.0.0.1:50263
Read port: 50271
1739441646802	RemoteAgent	WARN	TLS certificate errors will be ignored for this session
DevTools listening on ws://127.0.0.1:50263/devtools/browser/af3d9b55-4f7a-48bc-8aec-bb054228c64e
console.warn: LoginRecipes: "Falling back to a synchronous message for: https://raptorsconsulting--qasmartcrm.sandbox.my.salesforce.com."
console.warn: LoginRecipes: "Falling back to a synchronous message for: https://raptorsconsulting--qasmartcrm.sandbox.my.salesforce.com."
1739441656918	Marionette	WARN	Ignoring event 'DOMContentLoaded' because document has an invalid readyState of 'complete'.
JavaScript warning: https://raptorsconsulting--qasmartcrm.sandbox.lightning.force.com/projRes/insights/gen/static/dashboards/js/lightningDashboard.app.678d4002a98f8d383437.js, line 2: unreachable code after return statement
JavaScript warning: https://raptorsconsulting--qasmartcrm.sandbox.lightning.force.com/projRes/insights/gen/static/dashboards/js/lightningDashboard.app.678d4002a98f8d383437.js, line 2: unreachable code after return statement
JavaScript warning: https://raptorsconsulting--qasmartcrm.sandbox.lightning.force.com/projRes/insights/gen/static/dashboards/js/lightningDashboard.app.678d4002a98f8d383437.js, line 2: unreachable code after return statement
1739441815223	Marionette	INFO	Stopped listening on port 50271
JavaScript warning: https://static.lightning.force.com/usa3s.sfdc-yfeipo/aurafile/%7B%22mode%22%3A%22PROD%22%2C%22dfs%22%3A%22c%22%2C%22app%22%3A%22one%3Aone%22%2C%22ls%22%3A1%2C%22lrmc%22%3A%22-386269907%22%7D/-DjR93YDRS0wZ_x-cvz4fA/apppart2-4.js, line 2113: Script terminated by timeout at:
z/v.current<@https://static.lightning.force.com/usa3s.sfdc-yfeipo/aurafile/%7B%22mode%22%3A%22PROD%22%2C%22dfs%22%3A%22c%22%2C%22app%22%3A%22one%3Aone%22%2C%22ls%22%3A1%2C%22lrmc%22%3A%22-386269907%22%7D/-DjR93YDRS0wZ_x-cvz4fA/apppart2-4.js:2113:4079

Dynamically enable window occlusion 1
