1739432978796	geckodriver	INFO	Listening on 127.0.0.1:59526
1739432981905	mozrunner::runner	INFO	Running command: "C:\\Users\\LaraibKhalid\\.cache\\selenium\\firefox\\win64\\135.0\\firefox.exe" "--marionette" "--remote-deb ... "--remote-allow-hosts" "localhost" "-no-remote" "-profile" "C:\\Users\\LARAIB~1\\AppData\\Local\\Temp\\rust_mozprofileBZNoRs"
console.warn: services.settings: Ignoring preference override of remote settings server
console.warn: services.settings: Allow by setting MOZ_REMOTE_SETTINGS_DEVTOOLS=1 in the environment
Dynamically enable window occlusion 0
1739432982287	Marionette	INFO	Marionette enabled
1739432982415	Marionette	INFO	Listening on port 59536
WebDriver BiDi listening on ws://127.0.0.1:59527
Read port: 59536
1739432982627	RemoteAgent	WARN	TLS certificate errors will be ignored for this session
DevTools listening on ws://127.0.0.1:59527/devtools/browser/5ae97d70-caa9-4f53-af7e-6043482439b8
console.warn: LoginRecipes: "Falling back to a synchronous message for: https://raptorsconsulting--qasmartcrm.sandbox.my.salesforce.com."
console.warn: LoginRecipes: "Falling back to a synchronous message for: https://raptorsconsulting--qasmartcrm.sandbox.my.salesforce.com."
1739432991860	Marionette	WARN	Ignoring event 'DOMContentLoaded' because document has an invalid readyState of 'complete'.
JavaScript warning: https://raptorsconsulting--qasmartcrm.sandbox.lightning.force.com/projRes/insights/gen/static/dashboards/js/lightningDashboard.app.678d4002a98f8d383437.js, line 2: unreachable code after return statement
JavaScript warning: https://raptorsconsulting--qasmartcrm.sandbox.lightning.force.com/projRes/insights/gen/static/dashboards/js/lightningDashboard.app.678d4002a98f8d383437.js, line 2: unreachable code after return statement
JavaScript warning: https://raptorsconsulting--qasmartcrm.sandbox.lightning.force.com/projRes/insights/gen/static/dashboards/js/lightningDashboard.app.678d4002a98f8d383437.js, line 2: unreachable code after return statement
1739433091096	Marionette	INFO	Stopped listening on port 59536
JavaScript warning: https://static.lightning.force.com/usa3s.sfdc-yfeipo/aurafile/%7B%22mode%22%3A%22PROD%22%2C%22dfs%22%3A%22c%22%2C%22app%22%3A%22one%3Aone%22%2C%22ls%22%3A1%2C%22lrmc%22%3A%22-386269907%22%7D/-DjR93YDRS0wZ_x-cvz4fA/apppart2-4.js, line 2113: Script terminated by timeout at:
z/v.current<@https://static.lightning.force.com/usa3s.sfdc-yfeipo/aurafile/%7B%22mode%22%3A%22PROD%22%2C%22dfs%22%3A%22c%22%2C%22app%22%3A%22one%3Aone%22%2C%22ls%22%3A1%2C%22lrmc%22%3A%22-386269907%22%7D/-DjR93YDRS0wZ_x-cvz4fA/apppart2-4.js:2113:4079

Dynamically enable window occlusion 1
