1739357214616	geckodriver	INFO	Listening on 127.0.0.1:50598
1739357217747	mozrunner::runner	INFO	Running command: "C:\\Users\\LaraibKhalid\\.cache\\selenium\\firefox\\win64\\135.0\\firefox.exe" "--marionette" "--remote-deb ... "--remote-allow-hosts" "localhost" "-no-remote" "-profile" "C:\\Users\\LARAIB~1\\AppData\\Local\\Temp\\rust_mozprofilehJ9ZNF"
console.warn: services.settings: Ignoring preference override of remote settings server
console.warn: services.settings: Allow by setting MOZ_REMOTE_SETTINGS_DEVTOOLS=1 in the environment
Dynamically enable window occlusion 0
1739357218109	Marionette	INFO	Marionette enabled
1739357218253	Marionette	INFO	Listening on port 50609
WebDriver BiDi listening on ws://127.0.0.1:50599
Read port: 50609
1739357218434	RemoteAgent	WARN	TLS certificate errors will be ignored for this session
DevTools listening on ws://127.0.0.1:50599/devtools/browser/a4b2b90a-72a4-40c4-b7ac-aa994502d892
console.warn: LoginRecipes: "Falling back to a synchronous message for: https://raptorsconsulting--qasmartcrm.sandbox.my.salesforce.com."
console.warn: LoginRecipes: "Falling back to a synchronous message for: https://raptorsconsulting--qasmartcrm.sandbox.my.salesforce.com."
1739357235819	Marionette	WARN	Ignoring event 'DOMContentLoaded' because document has an invalid readyState of 'complete'.
JavaScript warning: https://raptorsconsulting--qasmartcrm.sandbox.lightning.force.com/projRes/insights/gen/static/dashboards/js/lightningDashboard.app.678d4002a98f8d383437.js, line 2: unreachable code after return statement
JavaScript warning: https://raptorsconsulting--qasmartcrm.sandbox.lightning.force.com/projRes/insights/gen/static/dashboards/js/lightningDashboard.app.678d4002a98f8d383437.js, line 2: unreachable code after return statement
JavaScript warning: https://raptorsconsulting--qasmartcrm.sandbox.lightning.force.com/projRes/insights/gen/static/dashboards/js/lightningDashboard.app.678d4002a98f8d383437.js, line 2: unreachable code after return statement
console.warn: WindowsJumpLists: "Failed to fetch favicon for " "https://raptorsconsulting--qasmartcrm.sandbox.file.force.com/secur/contentDoor?startURL=https%3A%2F%2Fraptorsconsulting--qasmartcrm.sandbox.my.salesforce.com%2Fone%2Fone.app&sid=00D7x00000CTSwT%21AQEAQJDKi60SDDc8v8U49boD5BgRkSb8nWhQvNPDgp4upVOCudRSmlRTF_4t17NC_rqrf_1AYmplPeb2qlySYgGkyFqG4wi0&skipRedirect=1&lm=eyJlbmMiOiJBMjU2R0NNIiwiYXVkIjoiMDBEN3gwMDAwMENUU3dUIiwia2lkIjoie1widFwiOlwiMDBEN3gwMDAwMENUU3dUXCIsXCJ2XCI6XCIwMkc1dzAwMDAwMHBDMjhcIixcImFcIjpcImNvbnRlbnRkb29ydXNlcnRyYW5zaWVudGtleWVuY3J5cHRcIixcInVcIjpcIjAwNTV3MDAwMDBDRmY3bVwifSIsImNyaXQiOlsiaWF0Il0sImlhdCI6MTczOTM1NzIzMjkxMywiZXhwIjowfQ%3D%3D..z60qKXSBCwogZjm1.e4s1FDTP7nsW8KGsGRw49w%3D%3D.jJEn6MtBsWYz-ttf0BEBJQ%3D%3D" ({})
1739357376562	Marionette	INFO	Stopped listening on port 50609
Dynamically enable window occlusion 1
