1739355289271	geckodriver	INFO	Listening on 127.0.0.1:65101
1739355292366	mozrunner::runner	INFO	Running command: "C:\\Users\\LaraibKhalid\\.cache\\selenium\\firefox\\win64\\135.0\\firefox.exe" "--marionette" "--remote-deb ... "--remote-allow-hosts" "localhost" "-no-remote" "-profile" "C:\\Users\\LARAIB~1\\AppData\\Local\\Temp\\rust_mozprofile0rL2E3"
console.warn: services.settings: Ignoring preference override of remote settings server
console.warn: services.settings: Allow by setting MOZ_REMOTE_SETTINGS_DEVTOOLS=1 in the environment
Dynamically enable window occlusion 0
1739355292732	Marionette	INFO	Marionette enabled
1739355292872	Marionette	INFO	Listening on port 65111
WebDriver BiDi listening on ws://127.0.0.1:65102
Read port: 65111
1739355293051	RemoteAgent	WARN	TLS certificate errors will be ignored for this session
DevTools listening on ws://127.0.0.1:65102/devtools/browser/596af263-46c0-41f3-97a2-b21999a13a97
console.warn: LoginRecipes: "Falling back to a synchronous message for: https://raptorsconsulting--qasmartcrm.sandbox.my.salesforce.com."
console.warn: LoginRecipes: "Falling back to a synchronous message for: https://raptorsconsulting--qasmartcrm.sandbox.my.salesforce.com."
1739355304407	Marionette	WARN	Ignoring event 'DOMContentLoaded' because document has an invalid readyState of 'complete'.
JavaScript warning: https://raptorsconsulting--qasmartcrm.sandbox.lightning.force.com/projRes/insights/gen/static/dashboards/js/lightningDashboard.app.678d4002a98f8d383437.js, line 2: unreachable code after return statement
JavaScript warning: https://raptorsconsulting--qasmartcrm.sandbox.lightning.force.com/projRes/insights/gen/static/dashboards/js/lightningDashboard.app.678d4002a98f8d383437.js, line 2: unreachable code after return statement
JavaScript warning: https://raptorsconsulting--qasmartcrm.sandbox.lightning.force.com/projRes/insights/gen/static/dashboards/js/lightningDashboard.app.678d4002a98f8d383437.js, line 2: unreachable code after return statement
1739355414521	Marionette	INFO	Stopped listening on port 65111
JavaScript warning: https://raptorsconsulting--qasmartcrm.sandbox.lightning.force.com/jslibrary/1739312718000/ui-analytics-reporting/EclairNG.js, line 1287: Script terminated by timeout at:
da.prototype._renderChartsIfVisible@https://raptorsconsulting--qasmartcrm.sandbox.lightning.force.com/jslibrary/1739312718000/ui-analytics-reporting/EclairNG.js:1287:361

Dynamically enable window occlusion 1
console.warn: WindowsJumpLists: "Failed to fetch favicon for " "https://raptorsconsulting--qasmartcrm.sandbox.lightning.force.com/lightning/o/Account/list" (new TypeError("this._builder is undefined", "resource:///modules/WindowsJumpLists.sys.mjs", 250))
console.warn: WindowsJumpLists: "Failed to fetch favicon for " "https://raptorsconsulting--qasmartcrm.sandbox.lightning.force.com/lightning/o/Account/home" (new TypeError("this._builder is undefined", "resource:///modules/WindowsJumpLists.sys.mjs", 250))
console.warn: WindowsJumpLists: "Failed to fetch favicon for " "https://raptorsconsulting--qasmartcrm.sandbox.lightning.force.com/one/one.app" (new TypeError("this._builder is undefined", "resource:///modules/WindowsJumpLists.sys.mjs", 250))
console.warn: WindowsJumpLists: "Failed to fetch favicon for " "https://raptorsconsulting--qasmartcrm.sandbox.lightning.force.com/lightning/r/Account/0017x00000r9ZpeAAE/view" (new TypeError("this._builder is undefined", "resource:///modules/WindowsJumpLists.sys.mjs", 250))
console.warn: WindowsJumpLists: "Failed to fetch favicon for " "https://raptorsconsulting--qasmartcrm.sandbox.lightning.force.com/lightning/r/Account/0017x00000r8s01AAA/view" (new TypeError("this._builder is undefined", "resource:///modules/WindowsJumpLists.sys.mjs", 250))
console.warn: WindowsJumpLists: "Failed to fetch favicon for " "https://raptorsconsulting--qasmartcrm.sandbox.lightning.force.com/lightning/page/home" (new TypeError("this._builder is undefined", "resource:///modules/WindowsJumpLists.sys.mjs", 250))
