1739432419506	geckodriver	INFO	Listening on 127.0.0.1:59027
1739432422617	mozrunner::runner	INFO	Running command: "C:\\Users\\LaraibKhalid\\.cache\\selenium\\firefox\\win64\\135.0\\firefox.exe" "--marionette" "--remote-deb ... "--remote-allow-hosts" "localhost" "-no-remote" "-profile" "C:\\Users\\LARAIB~1\\AppData\\Local\\Temp\\rust_mozprofile8A5VWU"
console.warn: services.settings: Ignoring preference override of remote settings server
console.warn: services.settings: Allow by setting MOZ_REMOTE_SETTINGS_DEVTOOLS=1 in the environment
Dynamically enable window occlusion 0
1739432422981	Marionette	INFO	Marionette enabled
1739432423126	Marionette	INFO	Listening on port 59036
WebDriver BiDi listening on ws://127.0.0.1:59028
Read port: 59036
1739432423310	RemoteAgent	WARN	TLS certificate errors will be ignored for this session
DevTools listening on ws://127.0.0.1:59028/devtools/browser/d446d341-e9d1-48cf-a3dd-e4b69288b83d
console.warn: LoginRecipes: "Falling back to a synchronous message for: https://raptorsconsulting--qasmartcrm.sandbox.my.salesforce.com."
console.warn: LoginRecipes: "Falling back to a synchronous message for: https://raptorsconsulting--qasmartcrm.sandbox.my.salesforce.com."
1739432432493	Marionette	WARN	Ignoring event 'DOMContentLoaded' because document has an invalid readyState of 'complete'.
JavaScript warning: https://raptorsconsulting--qasmartcrm.sandbox.lightning.force.com/projRes/insights/gen/static/dashboards/js/lightningDashboard.app.678d4002a98f8d383437.js, line 2: unreachable code after return statement
JavaScript warning: https://raptorsconsulting--qasmartcrm.sandbox.lightning.force.com/projRes/insights/gen/static/dashboards/js/lightningDashboard.app.678d4002a98f8d383437.js, line 2: unreachable code after return statement
JavaScript warning: https://raptorsconsulting--qasmartcrm.sandbox.lightning.force.com/projRes/insights/gen/static/dashboards/js/lightningDashboard.app.678d4002a98f8d383437.js, line 2: unreachable code after return statement
console.warn: WindowsJumpLists: "Failed to fetch favicon for " "https://raptorsconsulting--qasmartcrm.sandbox.file.force.com/secur/contentDoor?startURL=https%3A%2F%2Fraptorsconsulting--qasmartcrm.sandbox.my.salesforce.com%2Fone%2Fone.app&sid=00D7x00000CTSwT%21AQEAQOXlHjls_sFf96leZ.NCG7_vUWrbgoNHr1LJOBm5s0OimeDOyyvSyGwHyc4YGeehUu1PHfQxxKvT1LAhbT3CfMjaom.4&skipRedirect=1&lm=eyJlbmMiOiJBMjU2R0NNIiwiYXVkIjoiMDBEN3gwMDAwMENUU3dUIiwia2lkIjoie1widFwiOlwiMDBEN3gwMDAwMENUU3dUXCIsXCJ2XCI6XCIwMkc1dzAwMDAwMHBDMjhcIixcImFcIjpcImNvbnRlbnRkb29ydXNlcnRyYW5zaWVudGtleWVuY3J5cHRcIixcInVcIjpcIjAwNTV3MDAwMDBDRmY3bVwifSIsImNyaXQiOlsiaWF0Il0sImlhdCI6MTczOTQzMjQyOTk3NSwiZXhwIjowfQ%3D%3D.._jHTzj8ZucX9wueJ.cMYtReN69Q7D9YHmFrptPg%3D%3D.t3dNfMDvxN3XiNfbLkCS3Q%3D%3D" ({})
1739432545593	Marionette	INFO	Stopped listening on port 59036
Dynamically enable window occlusion 1
