1739338467772	geckodriver	INFO	Listening on 127.0.0.1:49307
1739338470855	mozrunner::runner	INFO	Running command: "C:\\Users\\LaraibKhalid\\.cache\\selenium\\firefox\\win64\\135.0\\firefox.exe" "--marionette" "--remote-deb ... "--remote-allow-hosts" "localhost" "-no-remote" "-profile" "C:\\Users\\LARAIB~1\\AppData\\Local\\Temp\\rust_mozprofileZvGJL0"
console.warn: services.settings: Ignoring preference override of remote settings server
console.warn: services.settings: Allow by setting MOZ_REMOTE_SETTINGS_DEVTOOLS=1 in the environment
Dynamically enable window occlusion 0
1739338471284	Marionette	INFO	Marionette enabled
1739338471449	Marionette	INFO	Listening on port 49318
Read port: 49318
WebDriver BiDi listening on ws://127.0.0.1:49308
1739338471552	RemoteAgent	WARN	TLS certificate errors will be ignored for this session
DevTools listening on ws://127.0.0.1:49308/devtools/browser/1683313e-4e4e-44dd-a1d8-78fc3ce39e90
console.warn: LoginRecipes: "Falling back to a synchronous message for: https://raptorsconsulting--qasmartcrm.sandbox.my.salesforce.com."
console.warn: LoginRecipes: "Falling back to a synchronous message for: https://raptorsconsulting--qasmartcrm.sandbox.my.salesforce.com."
1739338485498	Marionette	WARN	Ignoring event 'DOMContentLoaded' because document has an invalid readyState of 'complete'.
JavaScript warning: https://raptorsconsulting--qasmartcrm.sandbox.lightning.force.com/projRes/insights/gen/static/dashboards/js/lightningDashboard.app.678d4002a98f8d383437.js, line 2: unreachable code after return statement
JavaScript warning: https://raptorsconsulting--qasmartcrm.sandbox.lightning.force.com/projRes/insights/gen/static/dashboards/js/lightningDashboard.app.678d4002a98f8d383437.js, line 2: unreachable code after return statement
JavaScript warning: https://raptorsconsulting--qasmartcrm.sandbox.lightning.force.com/projRes/insights/gen/static/dashboards/js/lightningDashboard.app.678d4002a98f8d383437.js, line 2: unreachable code after return statement
1739338516627	Marionette	INFO	Stopped listening on port 49318
JavaScript warning: https://raptorsconsulting--qasmartcrm.sandbox.lightning.force.com/auraFW/javascript/Zm9LbDZETkxUclI3TmZfamRYSmpzUWg5TGxiTHU3MEQ5RnBMM0VzVXc1cmcxMS4zMjc2OC4w/aura_prod.js line 322 > eval, line 1283: Script terminated by timeout at:
evaledScript/</</da.prototype._renderChartsIfVisible@https://raptorsconsulting--qasmartcrm.sandbox.lightning.force.com/libraries/reports/EclairNGSync.EclairNGSync.js:1283:361

Dynamically enable window occlusion 1
console.error: services.settings: 
  Message: NetworkError: Network error: TypeError: NetworkError: Network request failed
  Stack:
    APIError@resource://services-settings/RemoteSettingsClient.sys.mjs:108:1
NetworkError@resource://services-settings/RemoteSettingsClient.sys.mjs:112:5
_adjustedError@resource://services-settings/RemoteSettingsClient.sys.mjs:930:14
maybeSync@resource://services-settings/RemoteSettingsClient.sys.mjs:835:38

console.warn: services.settings: main/password-recipes sync interrupted by shutdown
console.warn: services.settings: main/language-dictionaries sync interrupted by shutdown
console.warn: services.settings: main/devtools-devices sync interrupted by shutdown
console.warn: services.settings: main/doh-config sync interrupted by shutdown
console.warn: services.settings: main/doh-providers sync interrupted by shutdown
console.error: (new AbortError("IndexedDB: main/search-telemetry getLastModified() IndexedDB:  execute() A request was aborted, for example through a call to IDBTransaction.abort.", "resource://services-settings/IDBHelpers.sys.mjs", 16))
