1739351937455	geckodriver	INFO	Listening on 127.0.0.1:62586
1739351940576	mozrunner::runner	INFO	Running command: "C:\\Users\\LaraibKhalid\\.cache\\selenium\\firefox\\win64\\135.0\\firefox.exe" "--marionette" "--remote-deb ... "--remote-allow-hosts" "localhost" "-no-remote" "-profile" "C:\\Users\\LARAIB~1\\AppData\\Local\\Temp\\rust_mozprofilerATk5j"
console.warn: services.settings: Ignoring preference override of remote settings server
console.warn: services.settings: Allow by setting MOZ_REMOTE_SETTINGS_DEVTOOLS=1 in the environment
Dynamically enable window occlusion 0
1739351941261	Marionette	INFO	Marionette enabled
1739351941423	Marionette	INFO	Listening on port 62597
WebDriver BiDi listening on ws://127.0.0.1:62587
Read port: 62597
1739351941610	RemoteAgent	WARN	TLS certificate errors will be ignored for this session
DevTools listening on ws://127.0.0.1:62587/devtools/browser/eeffca46-36fd-4d9f-9964-d7f6a39007e9
console.warn: LoginRecipes: "Falling back to a synchronous message for: https://raptorsconsulting--qasmartcrm.sandbox.my.salesforce.com."
console.warn: LoginRecipes: "Falling back to a synchronous message for: https://raptorsconsulting--qasmartcrm.sandbox.my.salesforce.com."
1739351954961	Marionette	WARN	Ignoring event 'DOMContentLoaded' because document has an invalid readyState of 'complete'.
JavaScript warning: https://raptorsconsulting--qasmartcrm.sandbox.lightning.force.com/projRes/insights/gen/static/dashboards/js/lightningDashboard.app.678d4002a98f8d383437.js, line 2: unreachable code after return statement
JavaScript warning: https://raptorsconsulting--qasmartcrm.sandbox.lightning.force.com/projRes/insights/gen/static/dashboards/js/lightningDashboard.app.678d4002a98f8d383437.js, line 2: unreachable code after return statement
JavaScript warning: https://raptorsconsulting--qasmartcrm.sandbox.lightning.force.com/projRes/insights/gen/static/dashboards/js/lightningDashboard.app.678d4002a98f8d383437.js, line 2: unreachable code after return statement
1739352071736	Marionette	INFO	Stopped listening on port 62597
JavaScript warning: https://raptorsconsulting--qasmartcrm.sandbox.lightning.force.com/jslibrary/1739312718000/ui-analytics-reporting/EclairNG.js, line 1287: Script terminated by timeout at:
da.prototype._renderChartsIfVisible@https://raptorsconsulting--qasmartcrm.sandbox.lightning.force.com/jslibrary/1739312718000/ui-analytics-reporting/EclairNG.js:1287:361

Dynamically enable window occlusion 1
