1739338663652	geckodriver	INFO	Listening on 127.0.0.1:49599
1739338666726	mozrunner::runner	INFO	Running command: "C:\\Users\\LaraibKhalid\\.cache\\selenium\\firefox\\win64\\135.0\\firefox.exe" "--marionette" "--remote-deb ... "--remote-allow-hosts" "localhost" "-no-remote" "-profile" "C:\\Users\\LARAIB~1\\AppData\\Local\\Temp\\rust_mozprofileu7W82E"
console.warn: services.settings: Ignoring preference override of remote settings server
console.warn: services.settings: Allow by setting MOZ_REMOTE_SETTINGS_DEVTOOLS=1 in the environment
Dynamically enable window occlusion 0
1739338667091	Marionette	INFO	Marionette enabled
1739338667230	Marionette	INFO	Listening on port 49611
WebDriver BiDi listening on ws://127.0.0.1:49600
Read port: 49611
1739338667424	RemoteAgent	WARN	TLS certificate errors will be ignored for this session
DevTools listening on ws://127.0.0.1:49600/devtools/browser/9ab39a65-da97-4a4b-97d8-92b722672d99
console.warn: LoginRecipes: "Falling back to a synchronous message for: https://raptorsconsulting--qasmartcrm.sandbox.my.salesforce.com."
console.warn: LoginRecipes: "Falling back to a synchronous message for: https://raptorsconsulting--qasmartcrm.sandbox.my.salesforce.com."
1739338679172	Marionette	WARN	Ignoring event 'DOMContentLoaded' because document has an invalid readyState of 'complete'.
JavaScript warning: https://raptorsconsulting--qasmartcrm.sandbox.lightning.force.com/projRes/insights/gen/static/dashboards/js/lightningDashboard.app.678d4002a98f8d383437.js, line 2: unreachable code after return statement
JavaScript warning: https://raptorsconsulting--qasmartcrm.sandbox.lightning.force.com/projRes/insights/gen/static/dashboards/js/lightningDashboard.app.678d4002a98f8d383437.js, line 2: unreachable code after return statement
JavaScript warning: https://raptorsconsulting--qasmartcrm.sandbox.lightning.force.com/projRes/insights/gen/static/dashboards/js/lightningDashboard.app.678d4002a98f8d383437.js, line 2: unreachable code after return statement
1739338720229	Marionette	INFO	Stopped listening on port 49611
JavaScript warning: https://raptorsconsulting--qasmartcrm.sandbox.lightning.force.com/jslibrary/1739312718000/ui-analytics-reporting/EclairNG.js, line 1287: Script terminated by timeout at:
da.prototype._renderChartsIfVisible@https://raptorsconsulting--qasmartcrm.sandbox.lightning.force.com/jslibrary/1739312718000/ui-analytics-reporting/EclairNG.js:1287:361

Dynamically enable window occlusion 1
