1739273695347	geckodriver	INFO	Listening on 127.0.0.1:56239
1739273698482	mozrunner::runner	INFO	Running command: "C:\\Users\\LaraibKhalid\\.cache\\selenium\\firefox\\win64\\135.0\\firefox.exe" "--marionette" "--remote-deb ... "--remote-allow-hosts" "localhost" "-no-remote" "-profile" "C:\\Users\\LARAIB~1\\AppData\\Local\\Temp\\rust_mozprofileHhsR4D"
console.warn: services.settings: Ignoring preference override of remote settings server
console.warn: services.settings: Allow by setting MOZ_REMOTE_SETTINGS_DEVTOOLS=1 in the environment
Dynamically enable window occlusion 0
1739273698854	Marionette	INFO	Marionette enabled
1739273698994	Marionette	INFO	Listening on port 56253
WebDriver BiDi listening on ws://127.0.0.1:56240
Read port: 56253
1739273699179	RemoteAgent	WARN	TLS certificate errors will be ignored for this session
DevTools listening on ws://127.0.0.1:56240/devtools/browser/e9d767b4-4a0e-40cb-93c6-26f3ecf1531f
console.warn: LoginRecipes: "Falling back to a synchronous message for: https://raptorsconsulting--qasmartcrm.sandbox.my.salesforce.com."
console.warn: LoginRecipes: "Falling back to a synchronous message for: https://raptorsconsulting--qasmartcrm.sandbox.my.salesforce.com."
1739273709824	Marionette	WARN	Ignoring event 'DOMContentLoaded' because document has an invalid readyState of 'complete'.
JavaScript warning: https://raptorsconsulting--qasmartcrm.sandbox.lightning.force.com/projRes/insights/gen/static/dashboards/js/lightningDashboard.app.b68ffd7823e1ef8ca340.js, line 2: unreachable code after return statement
JavaScript warning: https://raptorsconsulting--qasmartcrm.sandbox.lightning.force.com/projRes/insights/gen/static/dashboards/js/lightningDashboard.app.b68ffd7823e1ef8ca340.js, line 2: unreachable code after return statement
JavaScript warning: https://raptorsconsulting--qasmartcrm.sandbox.lightning.force.com/projRes/insights/gen/static/dashboards/js/lightningDashboard.app.b68ffd7823e1ef8ca340.js, line 2: unreachable code after return statement
console.error: (new TypeError(" is not a valid URL.", "resource://gre/modules/NetworkGeolocationProvider.sys.mjs", 497))
console.error: (new TypeError(" is not a valid URL.", "resource://gre/modules/NetworkGeolocationProvider.sys.mjs", 497))
1739274123192	Marionette	INFO	Stopped listening on port 56253
Dynamically enable window occlusion 1
