1739443294796	geckodriver	INFO	Listening on 127.0.0.1:51130
1739443297878	mozrunner::runner	INFO	Running command: "C:\\Users\\LaraibKhalid\\.cache\\selenium\\firefox\\win64\\135.0\\firefox.exe" "--marionette" "--remote-deb ... "--remote-allow-hosts" "localhost" "-no-remote" "-profile" "C:\\Users\\LARAIB~1\\AppData\\Local\\Temp\\rust_mozprofiledBEcqG"
console.warn: services.settings: Ignoring preference override of remote settings server
console.warn: services.settings: Allow by setting MOZ_REMOTE_SETTINGS_DEVTOOLS=1 in the environment
Dynamically enable window occlusion 0
1739443298245	Marionette	INFO	Marionette enabled
1739443298381	Marionette	INFO	Listening on port 51139
Read port: 51139
WebDriver BiDi listening on ws://127.0.0.1:51131
1739443298459	RemoteAgent	WARN	TLS certificate errors will be ignored for this session
DevTools listening on ws://127.0.0.1:51131/devtools/browser/efeedc72-ff30-4e4b-8eba-6036cc491428
console.warn: LoginRecipes: "Falling back to a synchronous message for: https://raptorsconsulting--qasmartcrm.sandbox.my.salesforce.com."
console.warn: LoginRecipes: "Falling back to a synchronous message for: https://raptorsconsulting--qasmartcrm.sandbox.my.salesforce.com."
1739443307212	Marionette	WARN	Ignoring event 'DOMContentLoaded' because document has an invalid readyState of 'complete'.
JavaScript warning: https://raptorsconsulting--qasmartcrm.sandbox.lightning.force.com/projRes/insights/gen/static/dashboards/js/lightningDashboard.app.678d4002a98f8d383437.js, line 2: unreachable code after return statement
JavaScript warning: https://raptorsconsulting--qasmartcrm.sandbox.lightning.force.com/projRes/insights/gen/static/dashboards/js/lightningDashboard.app.678d4002a98f8d383437.js, line 2: unreachable code after return statement
JavaScript warning: https://raptorsconsulting--qasmartcrm.sandbox.lightning.force.com/projRes/insights/gen/static/dashboards/js/lightningDashboard.app.678d4002a98f8d383437.js, line 2: unreachable code after return statement
console.warn: WindowsJumpLists: "Failed to fetch favicon for " "https://raptorsconsulting--qasmartcrm.sandbox.file.force.com/secur/contentDoor?startURL=https%3A%2F%2Fraptorsconsulting--qasmartcrm.sandbox.my.salesforce.com%2Fone%2Fone.app&sid=00D7x00000CTSwT%21AQEAQJ0pj05a5SohYejQhf9wW2q_kShrqjg9CSUiXSV15ACkPUpuAWgLkrJ7skR7u90VnZ3IGjxqGZdNrG_7v0bhwPJsytrp&skipRedirect=1&lm=eyJlbmMiOiJBMjU2R0NNIiwiYXVkIjoiMDBEN3gwMDAwMENUU3dUIiwia2lkIjoie1widFwiOlwiMDBEN3gwMDAwMENUU3dUXCIsXCJ2XCI6XCIwMkc1dzAwMDAwMHBDMjhcIixcImFcIjpcImNvbnRlbnRkb29ydXNlcnRyYW5zaWVudGtleWVuY3J5cHRcIixcInVcIjpcIjAwNTV3MDAwMDBDRmY3bVwifSIsImNyaXQiOlsiaWF0Il0sImlhdCI6MTczOTQ0MzMwNDkzMCwiZXhwIjowfQ%3D%3D..MU_Nr1R8X_tsGMWU.C5Wv6R0_LcYNqXaJDeYJZA%3D%3D.nK-6uZZkmRsnSele4IviYg%3D%3D" ({})
1739443420552	Marionette	INFO	Stopped listening on port 51139
Dynamically enable window occlusion 1
