1739338088829	geckodriver	INFO	Listening on 127.0.0.1:65264
1739338091950	mozrunner::runner	INFO	Running command: "C:\\Users\\LaraibKhalid\\.cache\\selenium\\firefox\\win64\\135.0\\firefox.exe" "--marionette" "--remote-deb ... "--remote-allow-hosts" "localhost" "-no-remote" "-profile" "C:\\Users\\LARAIB~1\\AppData\\Local\\Temp\\rust_mozprofilelstoF3"
console.warn: services.settings: Ignoring preference override of remote settings server
console.warn: services.settings: Allow by setting MOZ_REMOTE_SETTINGS_DEVTOOLS=1 in the environment
Dynamically enable window occlusion 0
1739338092341	Marionette	INFO	Marionette enabled
1739338092473	Marionette	INFO	Listening on port 65276
WebDriver BiDi listening on ws://127.0.0.1:65265
Read port: 65276
1739338092659	RemoteAgent	WARN	TLS certificate errors will be ignored for this session
DevTools listening on ws://127.0.0.1:65265/devtools/browser/2dbfc2da-4d53-424b-91b1-b1c9a182d3b1
console.warn: LoginRecipes: "Falling back to a synchronous message for: https://raptorsconsulting--qasmartcrm.sandbox.my.salesforce.com."
console.warn: LoginRecipes: "Falling back to a synchronous message for: https://raptorsconsulting--qasmartcrm.sandbox.my.salesforce.com."
1739338104238	Marionette	WARN	Ignoring event 'DOMContentLoaded' because document has an invalid readyState of 'complete'.
JavaScript warning: https://raptorsconsulting--qasmartcrm.sandbox.lightning.force.com/projRes/insights/gen/static/dashboards/js/lightningDashboard.app.678d4002a98f8d383437.js, line 2: unreachable code after return statement
JavaScript warning: https://raptorsconsulting--qasmartcrm.sandbox.lightning.force.com/projRes/insights/gen/static/dashboards/js/lightningDashboard.app.678d4002a98f8d383437.js, line 2: unreachable code after return statement
JavaScript warning: https://raptorsconsulting--qasmartcrm.sandbox.lightning.force.com/projRes/insights/gen/static/dashboards/js/lightningDashboard.app.678d4002a98f8d383437.js, line 2: unreachable code after return statement
1739338128069	Marionette	INFO	Stopped listening on port 65276
JavaScript warning: https://static.lightning.force.com/usa3s.sfdc-yfeipo/aurafile/%7B%22mode%22%3A%22PROD%22%2C%22dfs%22%3A%22c%22%2C%22app%22%3A%22one%3Aone%22%2C%22ls%22%3A1%2C%22lrmc%22%3A%22-386269907%22%7D/1QEUgBwLGEfmsesChzslNw/apppart4-4.js, line 2874: Script terminated by timeout at:
Je/o</</<@https://static.lightning.force.com/usa3s.sfdc-yfeipo/aurafile/%7B%22mode%22%3A%22PROD%22%2C%22dfs%22%3A%22c%22%2C%22app%22%3A%22one%3Aone%22%2C%22ls%22%3A1%2C%22lrmc%22%3A%22-386269907%22%7D/1QEUgBwLGEfmsesChzslNw/apppart4-4.js:2874:14024

Dynamically enable window occlusion 1
console.error: "Could not download new icon" ({})
console.error: "Could not download new icon" ({})
console.error: "Could not download new icon" ({})
console.error: services.settings: 
  main/doh-providers Signature failed  [Exception... "<no message>"  nsresult: "0x8046001e (<unknown>)"  location: "JS frame :: resource://gre/modules/ServiceRequest.sys.mjs :: open :: line 126"  data: no]
console.error: services.settings: 
Object
  - prototype Object
    - columnNumber = 0
    - data = null
    - filename = resource://gre/modules/ServiceRequest.sys.mjs
    - lineNumber = 126
    - location = {"name":"open","filename":"resource://gre/modules/ServiceRequest.sys.mjs","sourceId":25,"lineNumber":126,"columnNumber":11,"asyncCause":null,"asyncCaller":null,"caller":{"filename":"resource://services-settings/Utils.sys.mjs","name":"fetch/<","sourceId":24,"lineNumber":268,"columnNumber":15,"asyncCause":null,"asyncCaller":null,"caller":{"filename":"resource://services-settings/Utils.sys.mjs","name":"fetch","sourceId":24,"lineNumber":219,"columnNumber":12,"asyncCause":null,"asyncCaller":null,"caller":{"filename":"resource://services-settings/RemoteSettingsClient.sys.mjs","name":"validateCollectionSignature","sourceId":22,"lineNumber":1023,"columnNumber":47,"asyncCause":null,"asyncCaller":null,"caller":{"filename":"resource://services-settings/RemoteSettingsClient.sys.mjs","name":"_importChanges","sourceId":22,"lineNumber":1102,"columnNumber":20,"asyncCause":null,"asyncCaller":null,"caller":null,"formattedStack":"_importChanges@resource://services-settings/RemoteSettingsClient.sys.mjs:1102:20\n","nativeSavedFrame":{}},"formattedStack":"validateCollectionSignature@resource://services-settings/RemoteSettingsClient.sys.mjs:1023:47\n_importChanges@resource://services-settings/RemoteSettingsClient.sys.mjs:1102:20\n","nativeSavedFrame":{}},"formattedStack":"fetch@resource://services-settings/Utils.sys.mjs:219:12\nvalidateCollectionSignature@resource://services-settings/RemoteSettingsClient.sys.mjs:1023:47\n_importChanges@resource://services-settings/RemoteSettingsClient.sys.mjs:1102:20\n","nativeSavedFrame":{}},"formattedStack":"fetch/<@resource://services-settings/Utils.sys.mjs:268:15\nfetch@resource://services-settings/Utils.sys.mjs:219:12\nvalidateCollectionSignature@resource://services-settings/RemoteSettingsClient.sys.mjs:1023:47\n_importChanges@resource://services-settings/RemoteSettingsClient.sys.mjs:1102:20\n","nativeSavedFrame":{}},"formattedStack":"open@resource://gre/modules/ServiceRequest.sys.mjs:126:11\nfetch/<@resource://services-settings/Utils.sys.mjs:268:15\nfetch@resource://services-settings/Utils.sys.mjs:219:12\nvalidateCollectionSignature@resource://services-settings/RemoteSettingsClient.sys.mjs:1023:47\n_importChanges@resource://services-settings/RemoteSettingsClient.sys.mjs:1102:20\n","nativeSavedFrame":{}}
    - message = 
    - name = 
    - result = 2152071198
    - stack = open@resource://gre/modules/ServiceRequest.sys.mjs:126:11|fetch/<@resource://services-settings/Utils.sys.mjs:268:15|fetch@resource://services-settings/Utils.sys.mjs:219:12|validateCollectionSignature@resource://services-settings/RemoteSettingsClient.sys.mjs:1023:47|_importChanges@resource://services-settings/RemoteSettingsClient.sys.mjs:1102:20|
  - prototype Object
console.error: "Could not download new icon" ({})
console.error: "Could not download new icon" ({})
console.error: "Could not download new icon" ({})
console.error: "Could not download new icon" ({})
console.error: "Could not download new icon" ({})
console.error: "Could not download new icon" ({})
console.error: "Could not download new icon" ({})
console.error: "Could not download new icon" ({})
console.warn: services.settings: main/hijack-blocklists sync interrupted by shutdown
console.error: "Could not download new icon" ({})
console.error: "Could not download new icon" ({})
console.error: "Could not download new icon" ({})
console.error: "Could not download new icon" ({})
console.error: "Could not download new icon" ({})
console.error: "Could not download new icon" ({})
console.error: "Could not download new icon" ({})
console.warn: services.settings: main/public-suffix-list sync interrupted by shutdown
console.error: "Could not download new icon" ({})
console.warn: services.settings: main/anti-tracking-url-decoration sync interrupted by shutdown
console.error: "Could not download new icon" ({})
console.warn: services.settings: main/sites-classification sync interrupted by shutdown
console.error: "Could not download new icon" ({})
console.error: "Could not download new icon" ({})
console.error: "Could not download new icon" ({})
console.error: ({details:{id:"a252dd48-1252-7149-1c3f-1e82697843af", last_modified:1647549722107, bucket:"main", collection:"doh-providers", host:"firefox.settings.services.mozilla.com"}})
console.error: "Could not download new icon" ({})
console.error: "Could not download new icon" ({})
console.error: "Could not download new icon" ({})
console.error: "Could not download new icon" ({})
console.error: "Could not download new icon" ({})
console.error: "Could not download new icon" ({})
console.error: "Could not download new icon" ({})
console.error: "Could not download new icon" ({})
console.error: "Could not download new icon" ({})
