1739344672553	geckodriver	INFO	Listening on 127.0.0.1:59308
1739344675655	mozrunner::runner	INFO	Running command: "C:\\Users\\LaraibKhalid\\.cache\\selenium\\firefox\\win64\\135.0\\firefox.exe" "--marionette" "--remote-deb ... "--remote-allow-hosts" "localhost" "-no-remote" "-profile" "C:\\Users\\LARAIB~1\\AppData\\Local\\Temp\\rust_mozprofilexsV0iT"
console.warn: services.settings: Ignoring preference override of remote settings server
console.warn: services.settings: Allow by setting MOZ_REMOTE_SETTINGS_DEVTOOLS=1 in the environment
Dynamically enable window occlusion 0
1739344676029	Marionette	INFO	Marionette enabled
1739344676167	Marionette	INFO	Listening on port 59317
WebDriver BiDi listening on ws://127.0.0.1:59309
Read port: 59317
1739344676352	RemoteAgent	WARN	TLS certificate errors will be ignored for this session
DevTools listening on ws://127.0.0.1:59309/devtools/browser/dc09dfd1-d5ee-4724-851c-8cdcbd11edfd
console.warn: LoginRecipes: "Falling back to a synchronous message for: https://raptorsconsulting--qasmartcrm.sandbox.my.salesforce.com."
console.warn: LoginRecipes: "Falling back to a synchronous message for: https://raptorsconsulting--qasmartcrm.sandbox.my.salesforce.com."
1739344688310	Marionette	WARN	Ignoring event 'DOMContentLoaded' because document has an invalid readyState of 'complete'.
JavaScript warning: https://raptorsconsulting--qasmartcrm.sandbox.lightning.force.com/projRes/insights/gen/static/dashboards/js/lightningDashboard.app.678d4002a98f8d383437.js, line 2: unreachable code after return statement
JavaScript warning: https://raptorsconsulting--qasmartcrm.sandbox.lightning.force.com/projRes/insights/gen/static/dashboards/js/lightningDashboard.app.678d4002a98f8d383437.js, line 2: unreachable code after return statement
JavaScript warning: https://raptorsconsulting--qasmartcrm.sandbox.lightning.force.com/projRes/insights/gen/static/dashboards/js/lightningDashboard.app.678d4002a98f8d383437.js, line 2: unreachable code after return statement
1739344753429	Marionette	INFO	Stopped listening on port 59317
JavaScript warning: https://static.lightning.force.com/usa3s.sfdc-yfeipo/auraFW/javascript/Zm9LbDZETkxUclI3TmZfamRYSmpzUWg5TGxiTHU3MEQ5RnBMM0VzVXc1cmcxMS4zMjc2OC4w/aura_prod.js, line 452: Script terminated by timeout at:
G.prototype.find@https://static.lightning.force.com/usa3s.sfdc-yfeipo/auraFW/javascript/Zm9LbDZETkxUclI3TmZfamRYSmpzUWg5TGxiTHU3MEQ5RnBMM0VzVXc1cmcxMS4zMjc2OC4w/aura_prod.js:452:300
toggleVisibility@https://static.lightning.force.com/usa3s.sfdc-yfeipo/aurafile/%7B%22mode%22%3A%22PROD%22%2C%22dfs%22%3A%22c%22%2C%22app%22%3A%22one%3Aone%22%2C%22ls%22%3A1%2C%22lrmc%22%3A%22-386269907%22%7D/1pyIn8hYlSu3FJ8tKfrmvQ/apppart2-4.js:1175:95
toggleSpinner/a._timeout<@https://static.lightning.force.com/usa3s.sfdc-yfeipo/aurafile/%7B%22mode%22%3A%22PROD%22%2C%22dfs%22%3A%22c%22%2C%22app%22%3A%22one%3Aone%22%2C%22ls%22%3A1%2C%22lrmc%22%3A%22-386269907%22%7D/1pyIn8hYlSu3FJ8tKfrmvQ/apppart2-4.js:1174:91

Dynamically enable window occlusion 1
