1739353156273	geckodriver	INFO	Listening on 127.0.0.1:63242
1739353159386	mozrunner::runner	INFO	Running command: "C:\\Users\\LaraibKhalid\\.cache\\selenium\\firefox\\win64\\135.0\\firefox.exe" "--marionette" "--remote-deb ... "--remote-allow-hosts" "localhost" "-no-remote" "-profile" "C:\\Users\\LARAIB~1\\AppData\\Local\\Temp\\rust_mozprofileq5CmuU"
console.warn: services.settings: Ignoring preference override of remote settings server
console.warn: services.settings: Allow by setting MOZ_REMOTE_SETTINGS_DEVTOOLS=1 in the environment
Dynamically enable window occlusion 0
1739353159759	Marionette	INFO	Marionette enabled
1739353159915	Marionette	INFO	Listening on port 63250
WebDriver BiDi listening on ws://127.0.0.1:63243
Read port: 63250
1739353160110	RemoteAgent	WARN	TLS certificate errors will be ignored for this session
DevTools listening on ws://127.0.0.1:63243/devtools/browser/a3fc1003-0aa3-4a3e-85f9-9fac9b183880
console.warn: LoginRecipes: "Falling back to a synchronous message for: https://raptorsconsulting--qasmartcrm.sandbox.my.salesforce.com."
console.warn: LoginRecipes: "Falling back to a synchronous message for: https://raptorsconsulting--qasmartcrm.sandbox.my.salesforce.com."
1739353172931	Marionette	WARN	Ignoring event 'DOMContentLoaded' because document has an invalid readyState of 'complete'.
JavaScript warning: https://raptorsconsulting--qasmartcrm.sandbox.lightning.force.com/projRes/insights/gen/static/dashboards/js/lightningDashboard.app.678d4002a98f8d383437.js, line 2: unreachable code after return statement
JavaScript warning: https://raptorsconsulting--qasmartcrm.sandbox.lightning.force.com/projRes/insights/gen/static/dashboards/js/lightningDashboard.app.678d4002a98f8d383437.js, line 2: unreachable code after return statement
JavaScript warning: https://raptorsconsulting--qasmartcrm.sandbox.lightning.force.com/projRes/insights/gen/static/dashboards/js/lightningDashboard.app.678d4002a98f8d383437.js, line 2: unreachable code after return statement
1739353288408	Marionette	INFO	Stopped listening on port 63250
JavaScript warning: https://raptorsconsulting--qasmartcrm.sandbox.lightning.force.com/auraFW/javascript/Zm9LbDZETkxUclI3TmZfamRYSmpzUWg5TGxiTHU3MEQ5RnBMM0VzVXc1cmcxMS4zMjc2OC4w/aura_prod.js line 322 > eval, line 1283: Script terminated by timeout at:
evaledScript/</</da.prototype._renderChartsIfVisible@https://raptorsconsulting--qasmartcrm.sandbox.lightning.force.com/libraries/reports/EclairNGSync.EclairNGSync.js:1283:361

Dynamically enable window occlusion 1
