1739422436987	geckodriver	INFO	Listening on 127.0.0.1:52232
1739422440081	mozrunner::runner	INFO	Running command: "C:\\Users\\LaraibKhalid\\.cache\\selenium\\firefox\\win64\\135.0\\firefox.exe" "--marionette" "--remote-deb ... "--remote-allow-hosts" "localhost" "-no-remote" "-profile" "C:\\Users\\LARAIB~1\\AppData\\Local\\Temp\\rust_mozprofilezNW4YB"
console.warn: services.settings: Ignoring preference override of remote settings server
console.warn: services.settings: Allow by setting MOZ_REMOTE_SETTINGS_DEVTOOLS=1 in the environment
Dynamically enable window occlusion 0
1739422440448	Marionette	INFO	Marionette enabled
1739422440596	Marionette	INFO	Listening on port 52241
WebDriver BiDi listening on ws://127.0.0.1:52233
Read port: 52241
1739422440781	RemoteAgent	WARN	TLS certificate errors will be ignored for this session
DevTools listening on ws://127.0.0.1:52233/devtools/browser/42eae759-8ef5-4efe-82cf-d9294ad2e3a1
console.warn: LoginRecipes: "Falling back to a synchronous message for: https://raptorsconsulting--qasmartcrm.sandbox.my.salesforce.com."
console.warn: LoginRecipes: "Falling back to a synchronous message for: https://raptorsconsulting--qasmartcrm.sandbox.my.salesforce.com."
1739422450678	Marionette	WARN	Ignoring event 'DOMContentLoaded' because document has an invalid readyState of 'complete'.
JavaScript warning: https://raptorsconsulting--qasmartcrm.sandbox.lightning.force.com/projRes/insights/gen/static/dashboards/js/lightningDashboard.app.678d4002a98f8d383437.js, line 2: unreachable code after return statement
JavaScript warning: https://raptorsconsulting--qasmartcrm.sandbox.lightning.force.com/projRes/insights/gen/static/dashboards/js/lightningDashboard.app.678d4002a98f8d383437.js, line 2: unreachable code after return statement
JavaScript warning: https://raptorsconsulting--qasmartcrm.sandbox.lightning.force.com/projRes/insights/gen/static/dashboards/js/lightningDashboard.app.678d4002a98f8d383437.js, line 2: unreachable code after return statement
1739422519588	Marionette	INFO	Stopped listening on port 52241
JavaScript warning: https://static.lightning.force.com/usa3s.sfdc-yfeipo/auraFW/javascript/Zm9LbDZETkxUclI3TmZfamRYSmpzUWg5TGxiTHU3MEQ5RnBMM0VzVXc1cmcxMS4zMjc2OC4w/aura_prod.js, line 626: Script terminated by timeout at:
K@https://static.lightning.force.com/usa3s.sfdc-yfeipo/auraFW/javascript/Zm9LbDZETkxUclI3TmZfamRYSmpzUWg5TGxiTHU3MEQ5RnBMM0VzVXc1cmcxMS4zMjc2OC4w/aura_prod.js:626:11
D.Hf@https://static.lightning.force.com/usa3s.sfdc-yfeipo/auraFW/javascript/Zm9LbDZETkxUclI3TmZfamRYSmpzUWg5TGxiTHU3MEQ5RnBMM0VzVXc1cmcxMS4zMjc2OC4w/aura_prod.js:625:97
xG.prototype.get@https://static.lightning.force.com/usa3s.sfdc-yfeipo/auraFW/javascript/Zm9LbDZETkxUclI3TmZfamRYSmpzUWg5TGxiTHU3MEQ5RnBMM0VzVXc1cmcxMS4zMjc2OC4w/aura_prod.js:587:397
G.prototype.get@https://static.lightning.force.com/usa3s.sfdc-yfeipo/auraFW/javascript/Zm9LbDZETkxUclI3TmZfamRYSmpzUWg5TGxiTHU3MEQ5RnBMM0VzVXc1cmcxMS4zMjc2OC4w/aura_prod.js:469:248
c@https://static.lightning.force.com/usa3s.sfdc-yfeipo/auraFW/javascript/Zm9LbDZETkxUclI3TmZfamRYSmpzUWg5TGxiTHU3MEQ5RnBMM0VzVXc1cmcxMS4zMjc2OC4w/aura_prod.js:492:193
IH@https://static.lightning.force.com/usa3s.sfdc-yfeipo/auraFW/javascript/Zm9LbDZETkxUclI3TmZfamRYSmpzUWg5TGxiTHU3MEQ5RnBMM0VzVXc1cmcxMS4zMjc2OC4w/aura_prod.js:616:298
O.prototype.X/<@https://static.lightning.force.com/usa3s.sfdc-yfeipo/auraFW/javascript/Zm9LbDZETkxUclI3TmZfamRYSmpzUWg5TGxiTHU3MEQ5RnBMM0VzVXc1cmcxMS4zMjc2OC4w/aura_prod.js:617:282
D.$a@https://static.lightning.force.com/usa3s.sfdc-yfeipo/auraFW/javascript/Zm9LbDZETkxUclI3TmZfamRYSmpzUWg5TGxiTHU3MEQ5RnBMM0VzVXc1cmcxMS4zMjc2OC4w/aura_prod.js:1016:221
O.prototype.X@https://static.lightning.force.com/usa3s.sfdc-yfeipo/auraFW/javascript/Zm9LbDZETkxUclI3TmZfamRYSmpzUWg5TGxiTHU3MEQ5RnBMM0VzVXc1cmcxMS4zMjc2OC4w/aura_prod.js:617:259
G.prototype.qd@https://static.lightning.force.com/usa3s.sfdc-yfeipo/auraFW/javascript/Zm9LbDZETkxUclI3TmZfamRYSmpzUWg5TGxiTHU3MEQ5RnBMM0VzVXc1cmcxMS4zMjc2OC4w/aura_prod.js:472:340
G.prototype.set@https://static.lightning.force.com/usa3s.sfdc-yfeipo/auraFW/javascript/Zm9LbDZETkxUclI3TmZfamRYSmpzUWg5TGxiTHU3MEQ5RnBMM0VzVXc1cmcxMS4zMjc2OC4w/aura_prod.js:470:377
toggleSpinner/a._timeout<@https://static.lightning.force.com/usa3s.sfdc-yfeipo/aurafile/%7B%22mode%22%3A%22PROD%22%2C%22dfs%22%3A%22c%22%2C%22app%22%3A%22one%3Aone%22%2C%22ls%22%3A1%2C%22lrmc%22%3A%22-386269907%22%7D/-DjR93YDRS0wZ_x-cvz4fA/apppart2-4.js:1174:62

Dynamically enable window occlusion 1
