1739274781572	geckodriver	INFO	Listening on 127.0.0.1:57349
1739274784657	mozrunner::runner	INFO	Running command: "C:\\Users\\LaraibKhalid\\.cache\\selenium\\firefox\\win64\\135.0\\firefox.exe" "--marionette" "--remote-deb ... "--remote-allow-hosts" "localhost" "-no-remote" "-profile" "C:\\Users\\LARAIB~1\\AppData\\Local\\Temp\\rust_mozprofilet9iN3n"
console.warn: services.settings: Ignoring preference override of remote settings server
console.warn: services.settings: Allow by setting MOZ_REMOTE_SETTINGS_DEVTOOLS=1 in the environment
Dynamically enable window occlusion 0
1739274785012	Marionette	INFO	Marionette enabled
1739274785144	Marionette	INFO	Listening on port 57359
Read port: 57359
WebDriver BiDi listening on ws://127.0.0.1:57350
1739274785222	RemoteAgent	WARN	TLS certificate errors will be ignored for this session
DevTools listening on ws://127.0.0.1:57350/devtools/browser/6c505feb-8b42-414c-b147-d4908c6a06b8
console.warn: LoginRecipes: "Falling back to a synchronous message for: https://raptorsconsulting--qasmartcrm.sandbox.my.salesforce.com."
console.warn: LoginRecipes: "Falling back to a synchronous message for: https://raptorsconsulting--qasmartcrm.sandbox.my.salesforce.com."
1739274795826	Marionette	WARN	Ignoring event 'DOMContentLoaded' because document has an invalid readyState of 'complete'.
JavaScript warning: https://raptorsconsulting--qasmartcrm.sandbox.lightning.force.com/projRes/insights/gen/static/dashboards/js/lightningDashboard.app.b68ffd7823e1ef8ca340.js, line 2: unreachable code after return statement
JavaScript warning: https://raptorsconsulting--qasmartcrm.sandbox.lightning.force.com/projRes/insights/gen/static/dashboards/js/lightningDashboard.app.b68ffd7823e1ef8ca340.js, line 2: unreachable code after return statement
JavaScript warning: https://raptorsconsulting--qasmartcrm.sandbox.lightning.force.com/projRes/insights/gen/static/dashboards/js/lightningDashboard.app.b68ffd7823e1ef8ca340.js, line 2: unreachable code after return statement
console.error: (new TypeError(" is not a valid URL.", "resource://gre/modules/NetworkGeolocationProvider.sys.mjs", 497))
console.error: (new TypeError(" is not a valid URL.", "resource://gre/modules/NetworkGeolocationProvider.sys.mjs", 497))
JavaScript warning: https://static.lightning.force.com/usa3s.sfdc-yfeipo/auraCmpDef?_au=3734_SOg4ngeMRAFZ2tWErTkx1g&_c=false&_density=VIEW_ONE&_dfs=c&_ff=DESKTOP&_l=true&_l10n=en_US&_lrmc=-386269907&_style=-384218879&aura.app=markup://one:one&aura.mode=PROD&_def=markup://instrumentation:o11ySecondaryLoader&_uid=385_l_e30Jb7Y69PY9u9DMqvdA, line 26: Script terminated by timeout at:
co/</s[26]</h.prototype.l@https://static.lightning.force.com/usa3s.sfdc-yfeipo/auraCmpDef?_au=3734_SOg4ngeMRAFZ2tWErTkx1g&_c=false&_density=VIEW_ONE&_dfs=c&_ff=DESKTOP&_l=true&_l10n=en_US&_lrmc=-386269907&_style=-384218879&aura.app=markup://one:one&aura.mode=PROD&_def=markup://instrumentation:o11ySecondaryLoader&_uid=385_l_e30Jb7Y69PY9u9DMqvdA:26:39644
co/</s[26]</h.prototype.l@https://static.lightning.force.com/usa3s.sfdc-yfeipo/auraCmpDef?_au=3734_SOg4ngeMRAFZ2tWErTkx1g&_c=false&_density=VIEW_ONE&_dfs=c&_ff=DESKTOP&_l=true&_l10n=en_US&_lrmc=-386269907&_style=-384218879&aura.app=markup://one:one&aura.mode=PROD&_def=markup://instrumentation:o11ySecondaryLoader&_uid=385_l_e30Jb7Y69PY9u9DMqvdA:26:39632
co/</s[26]</h.prototype.l@https://static.lightning.force.com/usa3s.sfdc-yfeipo/auraCmpDef?_au=3734_SOg4ngeMRAFZ2tWErTkx1g&_c=false&_density=VIEW_ONE&_dfs=c&_ff=DESKTOP&_l=true&_l10n=en_US&_lrmc=-386269907&_style=-384218879&aura.app=markup://one:one&aura.mode=PROD&_def=markup://instrumentation:o11ySecondaryLoader&_uid=385_l_e30Jb7Y69PY9u9DMqvdA:26:39632
co/</s[22]</s.prototype.onAdd@https://static.lightning.force.com/usa3s.sfdc-yfeipo/auraCmpDef?_au=3734_SOg4ngeMRAFZ2tWErTkx1g&_c=false&_density=VIEW_ONE&_dfs=c&_ff=DESKTOP&_l=true&_l10n=en_US&_lrmc=-386269907&_style=-384218879&aura.app=markup://one:one&aura.mode=PROD&_def=markup://instrumentation:o11ySecondaryLoader&_uid=385_l_e30Jb7Y69PY9u9DMqvdA:26:30187
co/</s[21]</h.prototype.add@https://static.lightning.force.com/usa3s.sfdc-yfeipo/auraCmpDef?_au=3734_SOg4ngeMRAFZ2tWErTkx1g&_c=false&_density=VIEW_ONE&_dfs=c&_ff=DESKTOP&_l=true&_l10n=en_US&_lrmc=-386269907&_style=-384218879&aura.app=markup://one:one&aura.mode=PROD&_def=markup://instrumentation:o11ySecondaryLoader&_uid=385_l_e30Jb7Y69PY9u9DMqvdA:26:27469
co/</s[21]</h.prototype.addJSON@https://static.lightning.force.com/usa3s.sfdc-yfeipo/auraCmpDef?_au=3734_SOg4ngeMRAFZ2tWErTkx1g&_c=false&_density=VIEW_ONE&_dfs=c&_ff=DESKTOP&_l=true&_l10n=en_US&_lrmc=-386269907&_style=-384218879&aura.app=markup://one:one&aura.mode=PROD&_def=markup://instrumentation:o11ySecondaryLoader&_uid=385_l_e30Jb7Y69PY9u9DMqvdA:26:26623
co/</s[26]</h.fromJSON@https://static.lightning.force.com/usa3s.sfdc-yfeipo/auraCmpDef?_au=3734_SOg4ngeMRAFZ2tWErTkx1g&_c=false&_density=VIEW_ONE&_dfs=c&_ff=DESKTOP&_l=true&_l10n=en_US&_lrmc=-386269907&_style=-384218879&aura.app=markup://one:one&aura.mode=PROD&_def=markup://instrumentation:o11ySecondaryLoader&_uid=385_l_e30Jb7Y69PY9u9DMqvdA:26:37548
getSchemaType@https://static.lightning.force.com/usa3s.sfdc-yfeipo/auraCmpDef?_au=3734_SOg4ngeMRAFZ2tWErTkx1g&_c=false&_density=VIEW_ONE&_dfs=c&_ff=DESKTOP&_l=true&_l10n=en_US&_lrmc=-386269907&_style=-384218879&aura.app=markup://one:one&aura.mode=PROD&_def=markup://instrumentation:o11ySecondaryLoader&_uid=385_l_e30Jb7Y69PY9u9DMqvdA:26:63106
validate@https://static.lightning.force.com/usa3s.sfdc-yfeipo/auraCmpDef?_au=3734_SOg4ngeMRAFZ2tWErTkx1g&_c=false&_density=VIEW_ONE&_dfs=c&_ff=DESKTOP&_l=true&_l10n=en_US&_lrmc=-386269907&_style=-384218879&aura.app=markup://one:one&aura.mode=PROD&_def=markup://instrumentation:o11ySecondaryLoader&_uid=385_l_e30Jb7Y69PY9u9DMqvdA:26:63278
encode@https://static.lightning.force.com/usa3s.sfdc-yfeipo/auraCmpDef?_au=3734_SOg4ngeMRAFZ2tWErTkx1g&_c=false&_density=VIEW_ONE&_dfs=c&_ff=DESKTOP&_l=true&_l10n=en_US&_lrmc=-386269907&_style=-384218879&aura.app=markup://one:one&aura.mode=PROD&_def=markup://instrumentation:o11ySecondaryLoader&_uid=385_l_e30Jb7Y69PY9u9DMqvdA:26:63407
processRawLogMessage@https://static.lightning.force.com/usa3s.sfdc-yfeipo/auraCmpDef?_au=3734_SOg4ngeMRAFZ2tWErTkx1g&_c=false&_density=VIEW_ONE&_dfs=c&_ff=DESKTOP&_l=true&_l10n=en_US&_lrmc=-386269907&_style=-384218879&aura.app=markup://one:one&aura.mode=PROD&_def=markup://instrumentation:o11ySecondaryLoader&_uid=385_l_e30Jb7Y69PY9u9DMqvdA:26:64213
co/</p/</<@https://static.lightning.force.com/usa3s.sfdc-yfeipo/auraCmpDef?_au=3734_SOg4ngeMRAFZ2tWErTkx1g&_c=false&_density=VIEW_ONE&_dfs=c&_ff=DESKTOP&_l=true&_l10n=en_US&_lrmc=-386269907&_style=-384218879&aura.app=markup://one:one&aura.mode=PROD&_def=markup://instrumentation:o11ySecondaryLoader&_uid=385_l_e30Jb7Y69PY9u9DMqvdA:26:64526
co/</p/<@https://static.lightning.force.com/usa3s.sfdc-yfeipo/auraCmpDef?_au=3734_SOg4ngeMRAFZ2tWErTkx1g&_c=false&_density=VIEW_ONE&_dfs=c&_ff=DESKTOP&_l=true&_l10n=en_US&_lrmc=-386269907&_style=-384218879&aura.app=markup://one:one&aura.mode=PROD&_def=markup://instrumentation:o11ySecondaryLoader&_uid=385_l_e30Jb7Y69PY9u9DMqvdA:26:64517
p@https://static.lightning.force.com/usa3s.sfdc-yfeipo/auraCmpDef?_au=3734_SOg4ngeMRAFZ2tWErTkx1g&_c=false&_density=VIEW_ONE&_dfs=c&_ff=DESKTOP&_l=true&_l10n=en_US&_lrmc=-386269907&_style=-384218879&aura.app=markup://one:one&aura.mode=PROD&_def=markup://instrumentation:o11ySecondaryLoader&_uid=385_l_e30Jb7Y69PY9u9DMqvdA:26:64476
co/</e.encodeCoreEnvelopeContentsRaw@https://static.lightning.force.com/usa3s.sfdc-yfeipo/auraCmpDef?_au=3734_SOg4ngeMRAFZ2tWErTkx1g&_c=false&_density=VIEW_ONE&_dfs=c&_ff=DESKTOP&_l=true&_l10n=en_US&_lrmc=-386269907&_style=-384218879&aura.app=markup://one:one&aura.mode=PROD&_def=markup://instrumentation:o11ySecondaryLoader&_uid=385_l_e30Jb7Y69PY9u9DMqvdA:26:72948
co/</e.getProtoLogs/<@https://static.lightning.force.com/usa3s.sfdc-yfeipo/auraCmpDef?_au=3734_SOg4ngeMRAFZ2tWErTkx1g&_c=false&_density=VIEW_ONE&_dfs=c&_ff=DESKTOP&_l=true&_l10n=en_US&_lrmc=-386269907&_style=-384218879&aura.app=markup://one:one&aura.mode=PROD&_def=markup://instrumentation:o11ySecondaryLoader&_uid=385_l_e30Jb7Y69PY9u9DMqvdA:18:626
co/</e.getProtoLogs@https://static.lightning.force.com/usa3s.sfdc-yfeipo/auraCmpDef?_au=3734_SOg4ngeMRAFZ2tWErTkx1g&_c=false&_density=VIEW_ONE&_dfs=c&_ff=DESKTOP&_l=true&_l10n=en_US&_lrmc=-386269907&_style=-384218879&aura.app=markup://one:one&aura.mode=PROD&_def=markup://instrumentation:o11ySecondaryLoader&_uid=385_l_e30Jb7Y69PY9u9DMqvdA:18:752
getEncodedO11yLogs@https://static.lightning.force.com/usa3s.sfdc-yfeipo/aurafile/%7B%22mode%22%3A%22PROD%22%2C%22dfs%22%3A%22c%22%2C%22app%22%3A%22one%3Aone%22%2C%22ls%22%3A1%2C%22lrmc%22%3A%22-386269907%22%7D/9Q-L1f2xwF2ydSVLyoY4Hg/apppart1-4.js:147:154
sendBeacon/</<@https://static.lightning.force.com/usa3s.sfdc-yfeipo/aurafile/%7B%22mode%22%3A%22PROD%22%2C%22dfs%22%3A%22c%22%2C%22app%22%3A%22one%3Aone%22%2C%22ls%22%3A1%2C%22lrmc%22%3A%22-386269907%22%7D/9Q-L1f2xwF2ydSVLyoY4Hg/apppart1-4.js:153:35
o11yFunc@https://static.lightning.force.com/usa3s.sfdc-yfeipo/aurafile/%7B%22mode%22%3A%22PROD%22%2C%22dfs%22%3A%22c%22%2C%22app%22%3A%22one%3Aone%22%2C%22ls%22%3A1%2C%22lrmc%22%3A%22-386269907%22%7D/9Q-L1f2xwF2ydSVLyoY4Hg/apppart1-4.js:139:45
sendBeacon/<@https://static.lightning.force.com/usa3s.sfdc-yfeipo/aurafile/%7B%22mode%22%3A%22PROD%22%2C%22dfs%22%3A%22c%22%2C%22app%22%3A%22one%3Aone%22%2C%22ls%22%3A1%2C%22lrmc%22%3A%22-386269907%22%7D/9Q-L1f2xwF2ydSVLyoY4Hg/apppart1-4.js:153:8
initializeBeacon/this.preservedAuraCallback<@https://static.lightning.force.com/usa3s.sfdc-yfeipo/aurafile/%7B%22mode%22%3A%22PROD%22%2C%22dfs%22%3A%22c%22%2C%22app%22%3A%22one%3Aone%22%2C%22ls%22%3A1%2C%22lrmc%22%3A%22-386269907%22%7D/9Q-L1f2xwF2ydSVLyoY4Hg/apppart1-4.js:139:422
b@https://static.lightning.force.com/usa3s.sfdc-yfeipo/auraFW/javascript/Z1o0Z2tlUXFOYnlwSlZ4TXd2dXFRUWg5TGxiTHU3MEQ5RnBMM0VzVXc1cmcxMS4zMjc2OC4w/aura_prod.js:1012:72
sendBeacon@https://static.lightning.force.com/usa3s.sfdc-yfeipo/aurafile/%7B%22mode%22%3A%22PROD%22%2C%22dfs%22%3A%22c%22%2C%22app%22%3A%22one%3Aone%22%2C%22ls%22%3A1%2C%22lrmc%22%3A%22-386269907%22%7D/9Q-L1f2xwF2ydSVLyoY4Hg/apppart1-4.js:152:387
onWindowClose@https://static.lightning.force.com/usa3s.sfdc-yfeipo/aurafile/%7B%22mode%22%3A%22PROD%22%2C%22dfs%22%3A%22c%22%2C%22app%22%3A%22one%3Aone%22%2C%22ls%22%3A1%2C%22lrmc%22%3A%22-386269907%22%7D/9Q-L1f2xwF2ydSVLyoY4Hg/apppart1-4.js:151:352
b@https://static.lightning.force.com/usa3s.sfdc-yfeipo/auraFW/javascript/Z1o0Z2tlUXFOYnlwSlZ4TXd2dXFRUWg5TGxiTHU3MEQ5RnBMM0VzVXc1cmcxMS4zMjc2OC4w/aura_prod.js:1012:72
t@https://static.lightning.force.com/usa3s.sfdc-yfeipo/auraFW/javascript/Z1o0Z2tlUXFOYnlwSlZ4TXd2dXFRUWg5TGxiTHU3MEQ5RnBMM0VzVXc1cmcxMS4zMjc2OC4w/aura_prod.js:28:5702

1739275201772	Marionette	INFO	Stopped listening on port 57359
Dynamically enable window occlusion 1
