1739346741783	geckodriver	INFO	Listening on 127.0.0.1:60873
1739346744890	mozrunner::runner	INFO	Running command: "C:\\Users\\LaraibKhalid\\.cache\\selenium\\firefox\\win64\\135.0\\firefox.exe" "--marionette" "--remote-deb ... "--remote-allow-hosts" "localhost" "-no-remote" "-profile" "C:\\Users\\LARAIB~1\\AppData\\Local\\Temp\\rust_mozprofile3aT3Bb"
console.warn: services.settings: Ignoring preference override of remote settings server
console.warn: services.settings: Allow by setting MOZ_REMOTE_SETTINGS_DEVTOOLS=1 in the environment
Dynamically enable window occlusion 0
1739346745293	Marionette	INFO	Marionette enabled
1739346745429	Marionette	INFO	Listening on port 60881
WebDriver BiDi listening on ws://127.0.0.1:60874
Read port: 60881
1739346745612	RemoteAgent	WARN	TLS certificate errors will be ignored for this session
DevTools listening on ws://127.0.0.1:60874/devtools/browser/2b03ee36-224b-4780-9e30-376d18ec03b6
console.warn: LoginRecipes: "Falling back to a synchronous message for: https://raptorsconsulting--qasmartcrm.sandbox.my.salesforce.com."
console.warn: LoginRecipes: "Falling back to a synchronous message for: https://raptorsconsulting--qasmartcrm.sandbox.my.salesforce.com."
1739346780942	Marionette	WARN	Ignoring event 'DOMContentLoaded' because document has an invalid readyState of 'complete'.
1739346835439	Marionette	INFO	Stopped listening on port 60881
Dynamically enable window occlusion 1
console.error: (new Error("places.sqlite#1: cannot execute operation Interactions.sys.mjs::updateDatabase, the connection is already closing", "resource://gre/modules/Sqlite.sys.mjs", 528))
console.error: (new Error("SessionFile is closed", "resource:///modules/sessionstore/SessionFile.sys.mjs", 413))
JavaScript error: resource://gre/modules/UrlClassifierListManager.sys.mjs, line 472: NS_ERROR_NOT_INITIALIZED: Component returned failure code: 0xc1f30001 (NS_ERROR_NOT_INITIALIZED) [nsIUrlClassifierDBService.getTables]
RunWatchdog: Mainthread nested event loops during hang: 
 --- ParentImpl::ShutdownBackgroundThread
