1739337665315	geckodriver	INFO	Listening on 127.0.0.1:64761
1739337668518	mozrunner::runner	INFO	Running command: "C:\\Users\\LaraibKhalid\\.cache\\selenium\\firefox\\win64\\135.0\\firefox.exe" "--marionette" "--remote-deb ... "--remote-allow-hosts" "localhost" "-no-remote" "-profile" "C:\\Users\\LARAIB~1\\AppData\\Local\\Temp\\rust_mozprofileGKtNta"
console.warn: services.settings: Ignoring preference override of remote settings server
console.warn: services.settings: Allow by setting MOZ_REMOTE_SETTINGS_DEVTOOLS=1 in the environment
Dynamically enable window occlusion 0
1739337669270	Marionette	INFO	Marionette enabled
1739337669459	Marionette	INFO	Listening on port 64774
WebDriver BiDi listening on ws://127.0.0.1:64762
Read port: 64774
1739337669686	RemoteAgent	WARN	TLS certificate errors will be ignored for this session
DevTools listening on ws://127.0.0.1:64762/devtools/browser/23ef559f-a658-4ae6-901b-88b732f3add4
console.warn: LoginRecipes: "Falling back to a synchronous message for: https://raptorsconsulting--qasmartcrm.sandbox.my.salesforce.com."
console.warn: LoginRecipes: "Falling back to a synchronous message for: https://raptorsconsulting--qasmartcrm.sandbox.my.salesforce.com."
1739337685443	Marionette	WARN	Ignoring event 'DOMContentLoaded' because document has an invalid readyState of 'complete'.
1739337706614	Marionette	INFO	Stopped listening on port 64774
JavaScript warning: https://static.lightning.force.com/usa3s.sfdc-yfeipo/aurafile/%7B%22mode%22%3A%22PROD%22%2C%22dfs%22%3A%22c%22%2C%22app%22%3A%22one%3Aone%22%2C%22ls%22%3A1%2C%22lrmc%22%3A%22-386269907%22%7D/1pyIn8hYlSu3FJ8tKfrmvQ/apppart2-4.js, line 2161: Script terminated by timeout at:
ie@https://static.lightning.force.com/usa3s.sfdc-yfeipo/aurafile/%7B%22mode%22%3A%22PROD%22%2C%22dfs%22%3A%22c%22%2C%22app%22%3A%22one%3Aone%22%2C%22ls%22%3A1%2C%22lrmc%22%3A%22-386269907%22%7D/1pyIn8hYlSu3FJ8tKfrmvQ/apppart2-4.js:2161:7075

Dynamically enable window occlusion 1
console.warn: services.settings: main/top-sites sync interrupted by shutdown
console.warn: services.settings: main/search-default-override-allowlist sync interrupted by shutdown
console.warn: services.settings: main/urlbar-persisted-search-terms sync interrupted by shutdown
console.error: (new AbortError("IndexedDB: main/backup-recovery-download-links getLastModified() IndexedDB:  execute() A request was aborted, for example through a call to IDBTransaction.abort.", "resource://services-settings/IDBHelpers.sys.mjs", 16))
console.error: (new Error("places.sqlite#1: cannot execute operation Interactions.sys.mjs::updateDatabase, the connection is already closing", "resource://gre/modules/Sqlite.sys.mjs", 528))
console.error: (new Error("SessionFile is closed", "resource:///modules/sessionstore/SessionFile.sys.mjs", 413))
console.error: (new AbortError("IOUtils: Shutting down and refusing additional I/O tasks (NS_ERROR_ABORT)", (void 0), 1136))
console.error: (new AbortError("IOUtils: Shutting down and refusing additional I/O tasks (NS_ERROR_ABORT)", (void 0), 1136))
JavaScript error: resource://gre/modules/CrashManager.sys.mjs, line 1176: AbortError: IOUtils: Shutting down and refusing additional I/O tasks (NS_ERROR_ABORT)
JavaScript error: resource://gre/modules/UrlClassifierListManager.sys.mjs, line 472: NS_ERROR_NOT_INITIALIZED: Component returned failure code: 0xc1f30001 (NS_ERROR_NOT_INITIALIZED) [nsIUrlClassifierDBService.getTables]
RunWatchdog: Mainthread nested event loops during hang: 
 --- ParentImpl::ShutdownBackgroundThread
